The system is: Linux - 4.0.8-pentoo - x86_64
Compiling the CXX compiler identification source file "CMakeCXXCompilerId.cpp" succeeded.
Compiler: /usr/bin/c++ 
Build flags: 
Id flags: 

The output was:
0


Compilation of the CXX compiler identification source "CMakeCXXCompilerId.cpp" produced "a.out"

The CXX compiler identification is GNU, found in "/root/Desktop/scripts/gr-air-modes-master/build/CMakeFiles/3.2.2/CompilerIdCXX/a.out"

Compiling the C compiler identification source file "CMakeCCompilerId.c" succeeded.
Compiler: /usr/bin/cc 
Build flags: 
Id flags: 

The output was:
0


Compilation of the C compiler identification source "CMakeCCompilerId.c" produced "a.out"

The C compiler identification is GNU, found in "/root/Desktop/scripts/gr-air-modes-master/build/CMakeFiles/3.2.2/CompilerIdC/a.out"

Determining if the CXX compiler works passed with the following output:
Change Dir: /root/Desktop/scripts/gr-air-modes-master/build/CMakeFiles/CMakeTmp

Run Build Command:"/usr/bin/gmake" "cmTryCompileExec2196453427/fast"
/usr/bin/gmake -f CMakeFiles/cmTryCompileExec2196453427.dir/build.make CMakeFiles/cmTryCompileExec2196453427.dir/build
gmake[1]: Entering directory '/root/Desktop/scripts/gr-air-modes-master/build/CMakeFiles/CMakeTmp'
/usr/bin/cmake -E cmake_progress_report /root/Desktop/scripts/gr-air-modes-master/build/CMakeFiles/CMakeTmp/CMakeFiles 1
Building CXX object CMakeFiles/cmTryCompileExec2196453427.dir/testCXXCompiler.cxx.o
/usr/bin/c++     -o CMakeFiles/cmTryCompileExec2196453427.dir/testCXXCompiler.cxx.o -c /root/Desktop/scripts/gr-air-modes-master/build/CMakeFiles/CMakeTmp/testCXXCompiler.cxx
Linking CXX executable cmTryCompileExec2196453427
/usr/bin/cmake -E cmake_link_script CMakeFiles/cmTryCompileExec2196453427.dir/link.txt --verbose=1
/usr/bin/c++        CMakeFiles/cmTryCompileExec2196453427.dir/testCXXCompiler.cxx.o  -o cmTryCompileExec2196453427 -rdynamic 
gmake[1]: Leaving directory '/root/Desktop/scripts/gr-air-modes-master/build/CMakeFiles/CMakeTmp'


Detecting CXX compiler ABI info compiled with the following output:
Change Dir: /root/Desktop/scripts/gr-air-modes-master/build/CMakeFiles/CMakeTmp

Run Build Command:"/usr/bin/gmake" "cmTryCompileExec15627357/fast"
/usr/bin/gmake -f CMakeFiles/cmTryCompileExec15627357.dir/build.make CMakeFiles/cmTryCompileExec15627357.dir/build
gmake[1]: Entering directory '/root/Desktop/scripts/gr-air-modes-master/build/CMakeFiles/CMakeTmp'
/usr/bin/cmake -E cmake_progress_report /root/Desktop/scripts/gr-air-modes-master/build/CMakeFiles/CMakeTmp/CMakeFiles 1
Building CXX object CMakeFiles/cmTryCompileExec15627357.dir/CMakeCXXCompilerABI.cpp.o
/usr/bin/c++     -o CMakeFiles/cmTryCompileExec15627357.dir/CMakeCXXCompilerABI.cpp.o -c /usr/share/cmake/Modules/CMakeCXXCompilerABI.cpp
Linking CXX executable cmTryCompileExec15627357
/usr/bin/cmake -E cmake_link_script CMakeFiles/cmTryCompileExec15627357.dir/link.txt --verbose=1
/usr/bin/c++       -v CMakeFiles/cmTryCompileExec15627357.dir/CMakeCXXCompilerABI.cpp.o  -o cmTryCompileExec15627357 -rdynamic  
Using built-in specs.
COLLECT_GCC=/usr/x86_64-pc-linux-gnu/gcc-bin/4.8.4/c++
COLLECT_LTO_WRAPPER=/usr/libexec/gcc/x86_64-pc-linux-gnu/4.8.4/lto-wrapper
Target: x86_64-pc-linux-gnu
Configured with: /var/tmp/portage/sys-devel/gcc-4.8.4/work/gcc-4.8.4/configure --host=x86_64-pc-linux-gnu --build=x86_64-pc-linux-gnu --prefix=/usr --bindir=/usr/x86_64-pc-linux-gnu/gcc-bin/4.8.4 --includedir=/usr/lib/gcc/x86_64-pc-linux-gnu/4.8.4/include --datadir=/usr/share/gcc-data/x86_64-pc-linux-gnu/4.8.4 --mandir=/usr/share/gcc-data/x86_64-pc-linux-gnu/4.8.4/man --infodir=/usr/share/gcc-data/x86_64-pc-linux-gnu/4.8.4/info --with-gxx-include-dir=/usr/lib/gcc/x86_64-pc-linux-gnu/4.8.4/include/g++-v4 --with-python-dir=/share/gcc-data/x86_64-pc-linux-gnu/4.8.4/python --enable-languages=c,c++,fortran --enable-obsolete --enable-secureplt --disable-werror --with-system-zlib --enable-nls --without-included-gettext --enable-checking=release --with-bugurl=https://bugs.gentoo.org/ --with-pkgversion='Gentoo 4.8.4 p1.6, pie-0.6.1' --enable-libstdcxx-time --enable-shared --enable-threads=posix --enable-__cxa_atexit --enable-clocale=gnu --enable-multilib --with-multilib-list=m32,m64 --disable-altivec --disable-fixed-point --enable-targets=all --disable-libgcj --enable-libgomp --disable-libmudflap --disable-libssp --enable-lto --without-cloog --enable-libsanitizer
Thread model: posix
gcc version 4.8.4 (Gentoo 4.8.4 p1.6, pie-0.6.1) 
COMPILER_PATH=/usr/libexec/gcc/x86_64-pc-linux-gnu/4.8.4/:/usr/libexec/gcc/x86_64-pc-linux-gnu/4.8.4/:/usr/libexec/gcc/x86_64-pc-linux-gnu/:/usr/lib/gcc/x86_64-pc-linux-gnu/4.8.4/:/usr/lib/gcc/x86_64-pc-linux-gnu/:/usr/lib/gcc/x86_64-pc-linux-gnu/4.8.4/../../../../x86_64-pc-linux-gnu/bin/
LIBRARY_PATH=/usr/lib/gcc/x86_64-pc-linux-gnu/4.8.4/:/usr/lib/gcc/x86_64-pc-linux-gnu/4.8.4/../../../../lib64/:/lib/../lib64/:/usr/lib/../lib64/:/usr/lib/gcc/x86_64-pc-linux-gnu/4.8.4/../../../../x86_64-pc-linux-gnu/lib/:/usr/lib/gcc/x86_64-pc-linux-gnu/4.8.4/../../../:/lib/:/usr/lib/
COLLECT_GCC_OPTIONS='-v' '-o' 'cmTryCompileExec15627357' '-rdynamic' '-shared-libgcc' '-mtune=generic' '-march=x86-64'
 /usr/libexec/gcc/x86_64-pc-linux-gnu/4.8.4/collect2 --eh-frame-hdr -m elf_x86_64 -export-dynamic -dynamic-linker /lib64/ld-linux-x86-64.so.2 -o cmTryCompileExec15627357 /usr/lib/gcc/x86_64-pc-linux-gnu/4.8.4/../../../../lib64/crt1.o /usr/lib/gcc/x86_64-pc-linux-gnu/4.8.4/../../../../lib64/crti.o /usr/lib/gcc/x86_64-pc-linux-gnu/4.8.4/crtbegin.o -L/usr/lib/gcc/x86_64-pc-linux-gnu/4.8.4 -L/usr/lib/gcc/x86_64-pc-linux-gnu/4.8.4/../../../../lib64 -L/lib/../lib64 -L/usr/lib/../lib64 -L/usr/lib/gcc/x86_64-pc-linux-gnu/4.8.4/../../../../x86_64-pc-linux-gnu/lib -L/usr/lib/gcc/x86_64-pc-linux-gnu/4.8.4/../../.. CMakeFiles/cmTryCompileExec15627357.dir/CMakeCXXCompilerABI.cpp.o -lstdc++ -lm -lgcc_s -lgcc -lc -lgcc_s -lgcc /usr/lib/gcc/x86_64-pc-linux-gnu/4.8.4/crtend.o /usr/lib/gcc/x86_64-pc-linux-gnu/4.8.4/../../../../lib64/crtn.o
gmake[1]: Leaving directory '/root/Desktop/scripts/gr-air-modes-master/build/CMakeFiles/CMakeTmp'


Parsed CXX implicit link information from above output:
  link line regex: [^( *|.*[/\])(ld|([^/\]+-)?ld|collect2)[^/\]*( |$)]
  ignore line: [Change Dir: /root/Desktop/scripts/gr-air-modes-master/build/CMakeFiles/CMakeTmp]
  ignore line: []
  ignore line: [Run Build Command:"/usr/bin/gmake" "cmTryCompileExec15627357/fast"]
  ignore line: [/usr/bin/gmake -f CMakeFiles/cmTryCompileExec15627357.dir/build.make CMakeFiles/cmTryCompileExec15627357.dir/build]
  ignore line: [gmake[1]: Entering directory '/root/Desktop/scripts/gr-air-modes-master/build/CMakeFiles/CMakeTmp']
  ignore line: [/usr/bin/cmake -E cmake_progress_report /root/Desktop/scripts/gr-air-modes-master/build/CMakeFiles/CMakeTmp/CMakeFiles 1]
  ignore line: [Building CXX object CMakeFiles/cmTryCompileExec15627357.dir/CMakeCXXCompilerABI.cpp.o]
  ignore line: [/usr/bin/c++     -o CMakeFiles/cmTryCompileExec15627357.dir/CMakeCXXCompilerABI.cpp.o -c /usr/share/cmake/Modules/CMakeCXXCompilerABI.cpp]
  ignore line: [Linking CXX executable cmTryCompileExec15627357]
  ignore line: [/usr/bin/cmake -E cmake_link_script CMakeFiles/cmTryCompileExec15627357.dir/link.txt --verbose=1]
  ignore line: [/usr/bin/c++       -v CMakeFiles/cmTryCompileExec15627357.dir/CMakeCXXCompilerABI.cpp.o  -o cmTryCompileExec15627357 -rdynamic  ]
  ignore line: [Using built-in specs.]
  ignore line: [COLLECT_GCC=/usr/x86_64-pc-linux-gnu/gcc-bin/4.8.4/c++]
  ignore line: [COLLECT_LTO_WRAPPER=/usr/libexec/gcc/x86_64-pc-linux-gnu/4.8.4/lto-wrapper]
  ignore line: [Target: x86_64-pc-linux-gnu]
  ignore line: [Configured with: /var/tmp/portage/sys-devel/gcc-4.8.4/work/gcc-4.8.4/configure --host=x86_64-pc-linux-gnu --build=x86_64-pc-linux-gnu --prefix=/usr --bindir=/usr/x86_64-pc-linux-gnu/gcc-bin/4.8.4 --includedir=/usr/lib/gcc/x86_64-pc-linux-gnu/4.8.4/include --datadir=/usr/share/gcc-data/x86_64-pc-linux-gnu/4.8.4 --mandir=/usr/share/gcc-data/x86_64-pc-linux-gnu/4.8.4/man --infodir=/usr/share/gcc-data/x86_64-pc-linux-gnu/4.8.4/info --with-gxx-include-dir=/usr/lib/gcc/x86_64-pc-linux-gnu/4.8.4/include/g++-v4 --with-python-dir=/share/gcc-data/x86_64-pc-linux-gnu/4.8.4/python --enable-languages=c,c++,fortran --enable-obsolete --enable-secureplt --disable-werror --with-system-zlib --enable-nls --without-included-gettext --enable-checking=release --with-bugurl=https://bugs.gentoo.org/ --with-pkgversion='Gentoo 4.8.4 p1.6, pie-0.6.1' --enable-libstdcxx-time --enable-shared --enable-threads=posix --enable-__cxa_atexit --enable-clocale=gnu --enable-multilib --with-multilib-list=m32,m64 --disable-altivec --disable-fixed-point --enable-targets=all --disable-libgcj --enable-libgomp --disable-libmudflap --disable-libssp --enable-lto --without-cloog --enable-libsanitizer]
  ignore line: [Thread model: posix]
  ignore line: [gcc version 4.8.4 (Gentoo 4.8.4 p1.6, pie-0.6.1) ]
  ignore line: [COMPILER_PATH=/usr/libexec/gcc/x86_64-pc-linux-gnu/4.8.4/:/usr/libexec/gcc/x86_64-pc-linux-gnu/4.8.4/:/usr/libexec/gcc/x86_64-pc-linux-gnu/:/usr/lib/gcc/x86_64-pc-linux-gnu/4.8.4/:/usr/lib/gcc/x86_64-pc-linux-gnu/:/usr/lib/gcc/x86_64-pc-linux-gnu/4.8.4/../../../../x86_64-pc-linux-gnu/bin/]
  ignore line: [LIBRARY_PATH=/usr/lib/gcc/x86_64-pc-linux-gnu/4.8.4/:/usr/lib/gcc/x86_64-pc-linux-gnu/4.8.4/../../../../lib64/:/lib/../lib64/:/usr/lib/../lib64/:/usr/lib/gcc/x86_64-pc-linux-gnu/4.8.4/../../../../x86_64-pc-linux-gnu/lib/:/usr/lib/gcc/x86_64-pc-linux-gnu/4.8.4/../../../:/lib/:/usr/lib/]
  ignore line: [COLLECT_GCC_OPTIONS='-v' '-o' 'cmTryCompileExec15627357' '-rdynamic' '-shared-libgcc' '-mtune=generic' '-march=x86-64']
  link line: [ /usr/libexec/gcc/x86_64-pc-linux-gnu/4.8.4/collect2 --eh-frame-hdr -m elf_x86_64 -export-dynamic -dynamic-linker /lib64/ld-linux-x86-64.so.2 -o cmTryCompileExec15627357 /usr/lib/gcc/x86_64-pc-linux-gnu/4.8.4/../../../../lib64/crt1.o /usr/lib/gcc/x86_64-pc-linux-gnu/4.8.4/../../../../lib64/crti.o /usr/lib/gcc/x86_64-pc-linux-gnu/4.8.4/crtbegin.o -L/usr/lib/gcc/x86_64-pc-linux-gnu/4.8.4 -L/usr/lib/gcc/x86_64-pc-linux-gnu/4.8.4/../../../../lib64 -L/lib/../lib64 -L/usr/lib/../lib64 -L/usr/lib/gcc/x86_64-pc-linux-gnu/4.8.4/../../../../x86_64-pc-linux-gnu/lib -L/usr/lib/gcc/x86_64-pc-linux-gnu/4.8.4/../../.. CMakeFiles/cmTryCompileExec15627357.dir/CMakeCXXCompilerABI.cpp.o -lstdc++ -lm -lgcc_s -lgcc -lc -lgcc_s -lgcc /usr/lib/gcc/x86_64-pc-linux-gnu/4.8.4/crtend.o /usr/lib/gcc/x86_64-pc-linux-gnu/4.8.4/../../../../lib64/crtn.o]
    arg [/usr/libexec/gcc/x86_64-pc-linux-gnu/4.8.4/collect2] ==> ignore
    arg [--eh-frame-hdr] ==> ignore
    arg [-m] ==> ignore
    arg [elf_x86_64] ==> ignore
    arg [-export-dynamic] ==> ignore
    arg [-dynamic-linker] ==> ignore
    arg [/lib64/ld-linux-x86-64.so.2] ==> ignore
    arg [-o] ==> ignore
    arg [cmTryCompileExec15627357] ==> ignore
    arg [/usr/lib/gcc/x86_64-pc-linux-gnu/4.8.4/../../../../lib64/crt1.o] ==> ignore
    arg [/usr/lib/gcc/x86_64-pc-linux-gnu/4.8.4/../../../../lib64/crti.o] ==> ignore
    arg [/usr/lib/gcc/x86_64-pc-linux-gnu/4.8.4/crtbegin.o] ==> ignore
    arg [-L/usr/lib/gcc/x86_64-pc-linux-gnu/4.8.4] ==> dir [/usr/lib/gcc/x86_64-pc-linux-gnu/4.8.4]
    arg [-L/usr/lib/gcc/x86_64-pc-linux-gnu/4.8.4/../../../../lib64] ==> dir [/usr/lib/gcc/x86_64-pc-linux-gnu/4.8.4/../../../../lib64]
    arg [-L/lib/../lib64] ==> dir [/lib/../lib64]
    arg [-L/usr/lib/../lib64] ==> dir [/usr/lib/../lib64]
    arg [-L/usr/lib/gcc/x86_64-pc-linux-gnu/4.8.4/../../../../x86_64-pc-linux-gnu/lib] ==> dir [/usr/lib/gcc/x86_64-pc-linux-gnu/4.8.4/../../../../x86_64-pc-linux-gnu/lib]
    arg [-L/usr/lib/gcc/x86_64-pc-linux-gnu/4.8.4/../../..] ==> dir [/usr/lib/gcc/x86_64-pc-linux-gnu/4.8.4/../../..]
    arg [CMakeFiles/cmTryCompileExec15627357.dir/CMakeCXXCompilerABI.cpp.o] ==> ignore
    arg [-lstdc++] ==> lib [stdc++]
    arg [-lm] ==> lib [m]
    arg [-lgcc_s] ==> lib [gcc_s]
    arg [-lgcc] ==> lib [gcc]
    arg [-lc] ==> lib [c]
    arg [-lgcc_s] ==> lib [gcc_s]
    arg [-lgcc] ==> lib [gcc]
    arg [/usr/lib/gcc/x86_64-pc-linux-gnu/4.8.4/crtend.o] ==> ignore
    arg [/usr/lib/gcc/x86_64-pc-linux-gnu/4.8.4/../../../../lib64/crtn.o] ==> ignore
  remove lib [gcc_s]
  remove lib [gcc]
  remove lib [gcc_s]
  remove lib [gcc]
  collapse library dir [/usr/lib/gcc/x86_64-pc-linux-gnu/4.8.4] ==> [/usr/lib/gcc/x86_64-pc-linux-gnu/4.8.4]
  collapse library dir [/usr/lib/gcc/x86_64-pc-linux-gnu/4.8.4/../../../../lib64] ==> [/usr/lib64]
  collapse library dir [/lib/../lib64] ==> [/lib64]
  collapse library dir [/usr/lib/../lib64] ==> [/usr/lib64]
  collapse library dir [/usr/lib/gcc/x86_64-pc-linux-gnu/4.8.4/../../../../x86_64-pc-linux-gnu/lib] ==> [/usr/x86_64-pc-linux-gnu/lib]
  collapse library dir [/usr/lib/gcc/x86_64-pc-linux-gnu/4.8.4/../../..] ==> [/usr/lib]
  implicit libs: [stdc++;m;c]
  implicit dirs: [/usr/lib/gcc/x86_64-pc-linux-gnu/4.8.4;/usr/lib64;/lib64;/usr/x86_64-pc-linux-gnu/lib;/usr/lib]
  implicit fwks: []




Detecting CXX [-std=c++1y] compiler features compiled with the following output:
Change Dir: /root/Desktop/scripts/gr-air-modes-master/build/CMakeFiles/CMakeTmp

Run Build Command:"/usr/bin/gmake" "cmTryCompileExec2929462758/fast"
/usr/bin/gmake -f CMakeFiles/cmTryCompileExec2929462758.dir/build.make CMakeFiles/cmTryCompileExec2929462758.dir/build
gmake[1]: Entering directory '/root/Desktop/scripts/gr-air-modes-master/build/CMakeFiles/CMakeTmp'
/usr/bin/cmake -E cmake_progress_report /root/Desktop/scripts/gr-air-modes-master/build/CMakeFiles/CMakeTmp/CMakeFiles 1
Building CXX object CMakeFiles/cmTryCompileExec2929462758.dir/feature_tests.cxx.o
/usr/bin/c++    -std=c++1y -o CMakeFiles/cmTryCompileExec2929462758.dir/feature_tests.cxx.o -c /root/Desktop/scripts/gr-air-modes-master/build/CMakeFiles/feature_tests.cxx
Linking CXX executable cmTryCompileExec2929462758
/usr/bin/cmake -E cmake_link_script CMakeFiles/cmTryCompileExec2929462758.dir/link.txt --verbose=1
/usr/bin/c++        CMakeFiles/cmTryCompileExec2929462758.dir/feature_tests.cxx.o  -o cmTryCompileExec2929462758 -rdynamic 
gmake[1]: Leaving directory '/root/Desktop/scripts/gr-air-modes-master/build/CMakeFiles/CMakeTmp'


    Feature record: CXX_FEATURE:0cxx_aggregate_default_initializers
    Feature record: CXX_FEATURE:1cxx_alias_templates
    Feature record: CXX_FEATURE:1cxx_alignas
    Feature record: CXX_FEATURE:1cxx_alignof
    Feature record: CXX_FEATURE:1cxx_attributes
    Feature record: CXX_FEATURE:0cxx_attribute_deprecated
    Feature record: CXX_FEATURE:1cxx_auto_type
    Feature record: CXX_FEATURE:0cxx_binary_literals
    Feature record: CXX_FEATURE:1cxx_constexpr
    Feature record: CXX_FEATURE:0cxx_contextual_conversions
    Feature record: CXX_FEATURE:1cxx_decltype
    Feature record: CXX_FEATURE:0cxx_decltype_auto
    Feature record: CXX_FEATURE:1cxx_decltype_incomplete_return_types
    Feature record: CXX_FEATURE:1cxx_default_function_template_args
    Feature record: CXX_FEATURE:1cxx_defaulted_functions
    Feature record: CXX_FEATURE:1cxx_defaulted_move_initializers
    Feature record: CXX_FEATURE:1cxx_delegating_constructors
    Feature record: CXX_FEATURE:1cxx_deleted_functions
    Feature record: CXX_FEATURE:0cxx_digit_separators
    Feature record: CXX_FEATURE:1cxx_enum_forward_declarations
    Feature record: CXX_FEATURE:1cxx_explicit_conversions
    Feature record: CXX_FEATURE:1cxx_extended_friend_declarations
    Feature record: CXX_FEATURE:1cxx_extern_templates
    Feature record: CXX_FEATURE:1cxx_final
    Feature record: CXX_FEATURE:1cxx_func_identifier
    Feature record: CXX_FEATURE:1cxx_generalized_initializers
    Feature record: CXX_FEATURE:0cxx_generic_lambdas
    Feature record: CXX_FEATURE:1cxx_inheriting_constructors
    Feature record: CXX_FEATURE:1cxx_inline_namespaces
    Feature record: CXX_FEATURE:1cxx_lambdas
    Feature record: CXX_FEATURE:0cxx_lambda_init_captures
    Feature record: CXX_FEATURE:1cxx_local_type_template_args
    Feature record: CXX_FEATURE:1cxx_long_long_type
    Feature record: CXX_FEATURE:1cxx_noexcept
    Feature record: CXX_FEATURE:1cxx_nonstatic_member_init
    Feature record: CXX_FEATURE:1cxx_nullptr
    Feature record: CXX_FEATURE:1cxx_override
    Feature record: CXX_FEATURE:1cxx_range_for
    Feature record: CXX_FEATURE:1cxx_raw_string_literals
    Feature record: CXX_FEATURE:1cxx_reference_qualified_functions
    Feature record: CXX_FEATURE:0cxx_relaxed_constexpr
    Feature record: CXX_FEATURE:0cxx_return_type_deduction
    Feature record: CXX_FEATURE:1cxx_right_angle_brackets
    Feature record: CXX_FEATURE:1cxx_rvalue_references
    Feature record: CXX_FEATURE:1cxx_sizeof_member
    Feature record: CXX_FEATURE:1cxx_static_assert
    Feature record: CXX_FEATURE:1cxx_strong_enums
    Feature record: CXX_FEATURE:1cxx_template_template_parameters
    Feature record: CXX_FEATURE:1cxx_thread_local
    Feature record: CXX_FEATURE:1cxx_trailing_return_types
    Feature record: CXX_FEATURE:1cxx_unicode_literals
    Feature record: CXX_FEATURE:1cxx_uniform_initialization
    Feature record: CXX_FEATURE:1cxx_unrestricted_unions
    Feature record: CXX_FEATURE:1cxx_user_literals
    Feature record: CXX_FEATURE:0cxx_variable_templates
    Feature record: CXX_FEATURE:1cxx_variadic_macros
    Feature record: CXX_FEATURE:1cxx_variadic_templates


Detecting CXX [-std=c++11] compiler features compiled with the following output:
Change Dir: /root/Desktop/scripts/gr-air-modes-master/build/CMakeFiles/CMakeTmp

Run Build Command:"/usr/bin/gmake" "cmTryCompileExec1910765196/fast"
/usr/bin/gmake -f CMakeFiles/cmTryCompileExec1910765196.dir/build.make CMakeFiles/cmTryCompileExec1910765196.dir/build
gmake[1]: Entering directory '/root/Desktop/scripts/gr-air-modes-master/build/CMakeFiles/CMakeTmp'
/usr/bin/cmake -E cmake_progress_report /root/Desktop/scripts/gr-air-modes-master/build/CMakeFiles/CMakeTmp/CMakeFiles 1
Building CXX object CMakeFiles/cmTryCompileExec1910765196.dir/feature_tests.cxx.o
/usr/bin/c++    -std=c++11 -o CMakeFiles/cmTryCompileExec1910765196.dir/feature_tests.cxx.o -c /root/Desktop/scripts/gr-air-modes-master/build/CMakeFiles/feature_tests.cxx
Linking CXX executable cmTryCompileExec1910765196
/usr/bin/cmake -E cmake_link_script CMakeFiles/cmTryCompileExec1910765196.dir/link.txt --verbose=1
/usr/bin/c++        CMakeFiles/cmTryCompileExec1910765196.dir/feature_tests.cxx.o  -o cmTryCompileExec1910765196 -rdynamic 
gmake[1]: Leaving directory '/root/Desktop/scripts/gr-air-modes-master/build/CMakeFiles/CMakeTmp'


    Feature record: CXX_FEATURE:0cxx_aggregate_default_initializers
    Feature record: CXX_FEATURE:1cxx_alias_templates
    Feature record: CXX_FEATURE:1cxx_alignas
    Feature record: CXX_FEATURE:1cxx_alignof
    Feature record: CXX_FEATURE:1cxx_attributes
    Feature record: CXX_FEATURE:0cxx_attribute_deprecated
    Feature record: CXX_FEATURE:1cxx_auto_type
    Feature record: CXX_FEATURE:0cxx_binary_literals
    Feature record: CXX_FEATURE:1cxx_constexpr
    Feature record: CXX_FEATURE:0cxx_contextual_conversions
    Feature record: CXX_FEATURE:1cxx_decltype
    Feature record: CXX_FEATURE:0cxx_decltype_auto
    Feature record: CXX_FEATURE:1cxx_decltype_incomplete_return_types
    Feature record: CXX_FEATURE:1cxx_default_function_template_args
    Feature record: CXX_FEATURE:1cxx_defaulted_functions
    Feature record: CXX_FEATURE:1cxx_defaulted_move_initializers
    Feature record: CXX_FEATURE:1cxx_delegating_constructors
    Feature record: CXX_FEATURE:1cxx_deleted_functions
    Feature record: CXX_FEATURE:0cxx_digit_separators
    Feature record: CXX_FEATURE:1cxx_enum_forward_declarations
    Feature record: CXX_FEATURE:1cxx_explicit_conversions
    Feature record: CXX_FEATURE:1cxx_extended_friend_declarations
    Feature record: CXX_FEATURE:1cxx_extern_templates
    Feature record: CXX_FEATURE:1cxx_final
    Feature record: CXX_FEATURE:1cxx_func_identifier
    Feature record: CXX_FEATURE:1cxx_generalized_initializers
    Feature record: CXX_FEATURE:0cxx_generic_lambdas
    Feature record: CXX_FEATURE:1cxx_inheriting_constructors
    Feature record: CXX_FEATURE:1cxx_inline_namespaces
    Feature record: CXX_FEATURE:1cxx_lambdas
    Feature record: CXX_FEATURE:0cxx_lambda_init_captures
    Feature record: CXX_FEATURE:1cxx_local_type_template_args
    Feature record: CXX_FEATURE:1cxx_long_long_type
    Feature record: CXX_FEATURE:1cxx_noexcept
    Feature record: CXX_FEATURE:1cxx_nonstatic_member_init
    Feature record: CXX_FEATURE:1cxx_nullptr
    Feature record: CXX_FEATURE:1cxx_override
    Feature record: CXX_FEATURE:1cxx_range_for
    Feature record: CXX_FEATURE:1cxx_raw_string_literals
    Feature record: CXX_FEATURE:1cxx_reference_qualified_functions
    Feature record: CXX_FEATURE:0cxx_relaxed_constexpr
    Feature record: CXX_FEATURE:0cxx_return_type_deduction
    Feature record: CXX_FEATURE:1cxx_right_angle_brackets
    Feature record: CXX_FEATURE:1cxx_rvalue_references
    Feature record: CXX_FEATURE:1cxx_sizeof_member
    Feature record: CXX_FEATURE:1cxx_static_assert
    Feature record: CXX_FEATURE:1cxx_strong_enums
    Feature record: CXX_FEATURE:1cxx_template_template_parameters
    Feature record: CXX_FEATURE:1cxx_thread_local
    Feature record: CXX_FEATURE:1cxx_trailing_return_types
    Feature record: CXX_FEATURE:1cxx_unicode_literals
    Feature record: CXX_FEATURE:1cxx_uniform_initialization
    Feature record: CXX_FEATURE:1cxx_unrestricted_unions
    Feature record: CXX_FEATURE:1cxx_user_literals
    Feature record: CXX_FEATURE:0cxx_variable_templates
    Feature record: CXX_FEATURE:1cxx_variadic_macros
    Feature record: CXX_FEATURE:1cxx_variadic_templates


Detecting CXX [-std=c++98] compiler features compiled with the following output:
Change Dir: /root/Desktop/scripts/gr-air-modes-master/build/CMakeFiles/CMakeTmp

Run Build Command:"/usr/bin/gmake" "cmTryCompileExec3538902370/fast"
/usr/bin/gmake -f CMakeFiles/cmTryCompileExec3538902370.dir/build.make CMakeFiles/cmTryCompileExec3538902370.dir/build
gmake[1]: Entering directory '/root/Desktop/scripts/gr-air-modes-master/build/CMakeFiles/CMakeTmp'
/usr/bin/cmake -E cmake_progress_report /root/Desktop/scripts/gr-air-modes-master/build/CMakeFiles/CMakeTmp/CMakeFiles 1
Building CXX object CMakeFiles/cmTryCompileExec3538902370.dir/feature_tests.cxx.o
/usr/bin/c++    -std=c++98 -o CMakeFiles/cmTryCompileExec3538902370.dir/feature_tests.cxx.o -c /root/Desktop/scripts/gr-air-modes-master/build/CMakeFiles/feature_tests.cxx
Linking CXX executable cmTryCompileExec3538902370
/usr/bin/cmake -E cmake_link_script CMakeFiles/cmTryCompileExec3538902370.dir/link.txt --verbose=1
/usr/bin/c++        CMakeFiles/cmTryCompileExec3538902370.dir/feature_tests.cxx.o  -o cmTryCompileExec3538902370 -rdynamic 
gmake[1]: Leaving directory '/root/Desktop/scripts/gr-air-modes-master/build/CMakeFiles/CMakeTmp'


    Feature record: CXX_FEATURE:0cxx_aggregate_default_initializers
    Feature record: CXX_FEATURE:0cxx_alias_templates
    Feature record: CXX_FEATURE:0cxx_alignas
    Feature record: CXX_FEATURE:0cxx_alignof
    Feature record: CXX_FEATURE:0cxx_attributes
    Feature record: CXX_FEATURE:0cxx_attribute_deprecated
    Feature record: CXX_FEATURE:0cxx_auto_type
    Feature record: CXX_FEATURE:0cxx_binary_literals
    Feature record: CXX_FEATURE:0cxx_constexpr
    Feature record: CXX_FEATURE:0cxx_contextual_conversions
    Feature record: CXX_FEATURE:0cxx_decltype
    Feature record: CXX_FEATURE:0cxx_decltype_auto
    Feature record: CXX_FEATURE:0cxx_decltype_incomplete_return_types
    Feature record: CXX_FEATURE:0cxx_default_function_template_args
    Feature record: CXX_FEATURE:0cxx_defaulted_functions
    Feature record: CXX_FEATURE:0cxx_defaulted_move_initializers
    Feature record: CXX_FEATURE:0cxx_delegating_constructors
    Feature record: CXX_FEATURE:0cxx_deleted_functions
    Feature record: CXX_FEATURE:0cxx_digit_separators
    Feature record: CXX_FEATURE:0cxx_enum_forward_declarations
    Feature record: CXX_FEATURE:0cxx_explicit_conversions
    Feature record: CXX_FEATURE:0cxx_extended_friend_declarations
    Feature record: CXX_FEATURE:0cxx_extern_templates
    Feature record: CXX_FEATURE:0cxx_final
    Feature record: CXX_FEATURE:0cxx_func_identifier
    Feature record: CXX_FEATURE:0cxx_generalized_initializers
    Feature record: CXX_FEATURE:0cxx_generic_lambdas
    Feature record: CXX_FEATURE:0cxx_inheriting_constructors
    Feature record: CXX_FEATURE:0cxx_inline_namespaces
    Feature record: CXX_FEATURE:0cxx_lambdas
    Feature record: CXX_FEATURE:0cxx_lambda_init_captures
    Feature record: CXX_FEATURE:0cxx_local_type_template_args
    Feature record: CXX_FEATURE:0cxx_long_long_type
    Feature record: CXX_FEATURE:0cxx_noexcept
    Feature record: CXX_FEATURE:0cxx_nonstatic_member_init
    Feature record: CXX_FEATURE:0cxx_nullptr
    Feature record: CXX_FEATURE:0cxx_override
    Feature record: CXX_FEATURE:0cxx_range_for
    Feature record: CXX_FEATURE:0cxx_raw_string_literals
    Feature record: CXX_FEATURE:0cxx_reference_qualified_functions
    Feature record: CXX_FEATURE:0cxx_relaxed_constexpr
    Feature record: CXX_FEATURE:0cxx_return_type_deduction
    Feature record: CXX_FEATURE:0cxx_right_angle_brackets
    Feature record: CXX_FEATURE:0cxx_rvalue_references
    Feature record: CXX_FEATURE:0cxx_sizeof_member
    Feature record: CXX_FEATURE:0cxx_static_assert
    Feature record: CXX_FEATURE:0cxx_strong_enums
    Feature record: CXX_FEATURE:1cxx_template_template_parameters
    Feature record: CXX_FEATURE:0cxx_thread_local
    Feature record: CXX_FEATURE:0cxx_trailing_return_types
    Feature record: CXX_FEATURE:0cxx_unicode_literals
    Feature record: CXX_FEATURE:0cxx_uniform_initialization
    Feature record: CXX_FEATURE:0cxx_unrestricted_unions
    Feature record: CXX_FEATURE:0cxx_user_literals
    Feature record: CXX_FEATURE:0cxx_variable_templates
    Feature record: CXX_FEATURE:0cxx_variadic_macros
    Feature record: CXX_FEATURE:0cxx_variadic_templates
Determining if the C compiler works passed with the following output:
Change Dir: /root/Desktop/scripts/gr-air-modes-master/build/CMakeFiles/CMakeTmp

Run Build Command:"/usr/bin/gmake" "cmTryCompileExec762328108/fast"
/usr/bin/gmake -f CMakeFiles/cmTryCompileExec762328108.dir/build.make CMakeFiles/cmTryCompileExec762328108.dir/build
gmake[1]: Entering directory '/root/Desktop/scripts/gr-air-modes-master/build/CMakeFiles/CMakeTmp'
/usr/bin/cmake -E cmake_progress_report /root/Desktop/scripts/gr-air-modes-master/build/CMakeFiles/CMakeTmp/CMakeFiles 1
Building C object CMakeFiles/cmTryCompileExec762328108.dir/testCCompiler.c.o
/usr/bin/cc    -o CMakeFiles/cmTryCompileExec762328108.dir/testCCompiler.c.o   -c /root/Desktop/scripts/gr-air-modes-master/build/CMakeFiles/CMakeTmp/testCCompiler.c
Linking C executable cmTryCompileExec762328108
/usr/bin/cmake -E cmake_link_script CMakeFiles/cmTryCompileExec762328108.dir/link.txt --verbose=1
/usr/bin/cc       CMakeFiles/cmTryCompileExec762328108.dir/testCCompiler.c.o  -o cmTryCompileExec762328108 -rdynamic 
gmake[1]: Leaving directory '/root/Desktop/scripts/gr-air-modes-master/build/CMakeFiles/CMakeTmp'


Detecting C compiler ABI info compiled with the following output:
Change Dir: /root/Desktop/scripts/gr-air-modes-master/build/CMakeFiles/CMakeTmp

Run Build Command:"/usr/bin/gmake" "cmTryCompileExec4060536350/fast"
/usr/bin/gmake -f CMakeFiles/cmTryCompileExec4060536350.dir/build.make CMakeFiles/cmTryCompileExec4060536350.dir/build
gmake[1]: Entering directory '/root/Desktop/scripts/gr-air-modes-master/build/CMakeFiles/CMakeTmp'
/usr/bin/cmake -E cmake_progress_report /root/Desktop/scripts/gr-air-modes-master/build/CMakeFiles/CMakeTmp/CMakeFiles 1
Building C object CMakeFiles/cmTryCompileExec4060536350.dir/CMakeCCompilerABI.c.o
/usr/bin/cc    -o CMakeFiles/cmTryCompileExec4060536350.dir/CMakeCCompilerABI.c.o   -c /usr/share/cmake/Modules/CMakeCCompilerABI.c
Linking C executable cmTryCompileExec4060536350
/usr/bin/cmake -E cmake_link_script CMakeFiles/cmTryCompileExec4060536350.dir/link.txt --verbose=1
/usr/bin/cc      -v CMakeFiles/cmTryCompileExec4060536350.dir/CMakeCCompilerABI.c.o  -o cmTryCompileExec4060536350 -rdynamic  
Using built-in specs.
COLLECT_GCC=/usr/x86_64-pc-linux-gnu/gcc-bin/4.8.4/gcc
COLLECT_LTO_WRAPPER=/usr/libexec/gcc/x86_64-pc-linux-gnu/4.8.4/lto-wrapper
Target: x86_64-pc-linux-gnu
Configured with: /var/tmp/portage/sys-devel/gcc-4.8.4/work/gcc-4.8.4/configure --host=x86_64-pc-linux-gnu --build=x86_64-pc-linux-gnu --prefix=/usr --bindir=/usr/x86_64-pc-linux-gnu/gcc-bin/4.8.4 --includedir=/usr/lib/gcc/x86_64-pc-linux-gnu/4.8.4/include --datadir=/usr/share/gcc-data/x86_64-pc-linux-gnu/4.8.4 --mandir=/usr/share/gcc-data/x86_64-pc-linux-gnu/4.8.4/man --infodir=/usr/share/gcc-data/x86_64-pc-linux-gnu/4.8.4/info --with-gxx-include-dir=/usr/lib/gcc/x86_64-pc-linux-gnu/4.8.4/include/g++-v4 --with-python-dir=/share/gcc-data/x86_64-pc-linux-gnu/4.8.4/python --enable-languages=c,c++,fortran --enable-obsolete --enable-secureplt --disable-werror --with-system-zlib --enable-nls --without-included-gettext --enable-checking=release --with-bugurl=https://bugs.gentoo.org/ --with-pkgversion='Gentoo 4.8.4 p1.6, pie-0.6.1' --enable-libstdcxx-time --enable-shared --enable-threads=posix --enable-__cxa_atexit --enable-clocale=gnu --enable-multilib --with-multilib-list=m32,m64 --disable-altivec --disable-fixed-point --enable-targets=all --disable-libgcj --enable-libgomp --disable-libmudflap --disable-libssp --enable-lto --without-cloog --enable-libsanitizer
Thread model: posix
gcc version 4.8.4 (Gentoo 4.8.4 p1.6, pie-0.6.1) 
COMPILER_PATH=/usr/libexec/gcc/x86_64-pc-linux-gnu/4.8.4/:/usr/libexec/gcc/x86_64-pc-linux-gnu/4.8.4/:/usr/libexec/gcc/x86_64-pc-linux-gnu/:/usr/lib/gcc/x86_64-pc-linux-gnu/4.8.4/:/usr/lib/gcc/x86_64-pc-linux-gnu/:/usr/lib/gcc/x86_64-pc-linux-gnu/4.8.4/../../../../x86_64-pc-linux-gnu/bin/
LIBRARY_PATH=/usr/lib/gcc/x86_64-pc-linux-gnu/4.8.4/:/usr/lib/gcc/x86_64-pc-linux-gnu/4.8.4/../../../../lib64/:/lib/../lib64/:/usr/lib/../lib64/:/usr/lib/gcc/x86_64-pc-linux-gnu/4.8.4/../../../../x86_64-pc-linux-gnu/lib/:/usr/lib/gcc/x86_64-pc-linux-gnu/4.8.4/../../../:/lib/:/usr/lib/
COLLECT_GCC_OPTIONS='-v' '-o' 'cmTryCompileExec4060536350' '-rdynamic' '-mtune=generic' '-march=x86-64'
 /usr/libexec/gcc/x86_64-pc-linux-gnu/4.8.4/collect2 --eh-frame-hdr -m elf_x86_64 -export-dynamic -dynamic-linker /lib64/ld-linux-x86-64.so.2 -o cmTryCompileExec4060536350 /usr/lib/gcc/x86_64-pc-linux-gnu/4.8.4/../../../../lib64/crt1.o /usr/lib/gcc/x86_64-pc-linux-gnu/4.8.4/../../../../lib64/crti.o /usr/lib/gcc/x86_64-pc-linux-gnu/4.8.4/crtbegin.o -L/usr/lib/gcc/x86_64-pc-linux-gnu/4.8.4 -L/usr/lib/gcc/x86_64-pc-linux-gnu/4.8.4/../../../../lib64 -L/lib/../lib64 -L/usr/lib/../lib64 -L/usr/lib/gcc/x86_64-pc-linux-gnu/4.8.4/../../../../x86_64-pc-linux-gnu/lib -L/usr/lib/gcc/x86_64-pc-linux-gnu/4.8.4/../../.. CMakeFiles/cmTryCompileExec4060536350.dir/CMakeCCompilerABI.c.o -lgcc --as-needed -lgcc_s --no-as-needed -lc -lgcc --as-needed -lgcc_s --no-as-needed /usr/lib/gcc/x86_64-pc-linux-gnu/4.8.4/crtend.o /usr/lib/gcc/x86_64-pc-linux-gnu/4.8.4/../../../../lib64/crtn.o
gmake[1]: Leaving directory '/root/Desktop/scripts/gr-air-modes-master/build/CMakeFiles/CMakeTmp'


Parsed C implicit link information from above output:
  link line regex: [^( *|.*[/\])(ld|([^/\]+-)?ld|collect2)[^/\]*( |$)]
  ignore line: [Change Dir: /root/Desktop/scripts/gr-air-modes-master/build/CMakeFiles/CMakeTmp]
  ignore line: []
  ignore line: [Run Build Command:"/usr/bin/gmake" "cmTryCompileExec4060536350/fast"]
  ignore line: [/usr/bin/gmake -f CMakeFiles/cmTryCompileExec4060536350.dir/build.make CMakeFiles/cmTryCompileExec4060536350.dir/build]
  ignore line: [gmake[1]: Entering directory '/root/Desktop/scripts/gr-air-modes-master/build/CMakeFiles/CMakeTmp']
  ignore line: [/usr/bin/cmake -E cmake_progress_report /root/Desktop/scripts/gr-air-modes-master/build/CMakeFiles/CMakeTmp/CMakeFiles 1]
  ignore line: [Building C object CMakeFiles/cmTryCompileExec4060536350.dir/CMakeCCompilerABI.c.o]
  ignore line: [/usr/bin/cc    -o CMakeFiles/cmTryCompileExec4060536350.dir/CMakeCCompilerABI.c.o   -c /usr/share/cmake/Modules/CMakeCCompilerABI.c]
  ignore line: [Linking C executable cmTryCompileExec4060536350]
  ignore line: [/usr/bin/cmake -E cmake_link_script CMakeFiles/cmTryCompileExec4060536350.dir/link.txt --verbose=1]
  ignore line: [/usr/bin/cc      -v CMakeFiles/cmTryCompileExec4060536350.dir/CMakeCCompilerABI.c.o  -o cmTryCompileExec4060536350 -rdynamic  ]
  ignore line: [Using built-in specs.]
  ignore line: [COLLECT_GCC=/usr/x86_64-pc-linux-gnu/gcc-bin/4.8.4/gcc]
  ignore line: [COLLECT_LTO_WRAPPER=/usr/libexec/gcc/x86_64-pc-linux-gnu/4.8.4/lto-wrapper]
  ignore line: [Target: x86_64-pc-linux-gnu]
  ignore line: [Configured with: /var/tmp/portage/sys-devel/gcc-4.8.4/work/gcc-4.8.4/configure --host=x86_64-pc-linux-gnu --build=x86_64-pc-linux-gnu --prefix=/usr --bindir=/usr/x86_64-pc-linux-gnu/gcc-bin/4.8.4 --includedir=/usr/lib/gcc/x86_64-pc-linux-gnu/4.8.4/include --datadir=/usr/share/gcc-data/x86_64-pc-linux-gnu/4.8.4 --mandir=/usr/share/gcc-data/x86_64-pc-linux-gnu/4.8.4/man --infodir=/usr/share/gcc-data/x86_64-pc-linux-gnu/4.8.4/info --with-gxx-include-dir=/usr/lib/gcc/x86_64-pc-linux-gnu/4.8.4/include/g++-v4 --with-python-dir=/share/gcc-data/x86_64-pc-linux-gnu/4.8.4/python --enable-languages=c,c++,fortran --enable-obsolete --enable-secureplt --disable-werror --with-system-zlib --enable-nls --without-included-gettext --enable-checking=release --with-bugurl=https://bugs.gentoo.org/ --with-pkgversion='Gentoo 4.8.4 p1.6, pie-0.6.1' --enable-libstdcxx-time --enable-shared --enable-threads=posix --enable-__cxa_atexit --enable-clocale=gnu --enable-multilib --with-multilib-list=m32,m64 --disable-altivec --disable-fixed-point --enable-targets=all --disable-libgcj --enable-libgomp --disable-libmudflap --disable-libssp --enable-lto --without-cloog --enable-libsanitizer]
  ignore line: [Thread model: posix]
  ignore line: [gcc version 4.8.4 (Gentoo 4.8.4 p1.6, pie-0.6.1) ]
  ignore line: [COMPILER_PATH=/usr/libexec/gcc/x86_64-pc-linux-gnu/4.8.4/:/usr/libexec/gcc/x86_64-pc-linux-gnu/4.8.4/:/usr/libexec/gcc/x86_64-pc-linux-gnu/:/usr/lib/gcc/x86_64-pc-linux-gnu/4.8.4/:/usr/lib/gcc/x86_64-pc-linux-gnu/:/usr/lib/gcc/x86_64-pc-linux-gnu/4.8.4/../../../../x86_64-pc-linux-gnu/bin/]
  ignore line: [LIBRARY_PATH=/usr/lib/gcc/x86_64-pc-linux-gnu/4.8.4/:/usr/lib/gcc/x86_64-pc-linux-gnu/4.8.4/../../../../lib64/:/lib/../lib64/:/usr/lib/../lib64/:/usr/lib/gcc/x86_64-pc-linux-gnu/4.8.4/../../../../x86_64-pc-linux-gnu/lib/:/usr/lib/gcc/x86_64-pc-linux-gnu/4.8.4/../../../:/lib/:/usr/lib/]
  ignore line: [COLLECT_GCC_OPTIONS='-v' '-o' 'cmTryCompileExec4060536350' '-rdynamic' '-mtune=generic' '-march=x86-64']
  link line: [ /usr/libexec/gcc/x86_64-pc-linux-gnu/4.8.4/collect2 --eh-frame-hdr -m elf_x86_64 -export-dynamic -dynamic-linker /lib64/ld-linux-x86-64.so.2 -o cmTryCompileExec4060536350 /usr/lib/gcc/x86_64-pc-linux-gnu/4.8.4/../../../../lib64/crt1.o /usr/lib/gcc/x86_64-pc-linux-gnu/4.8.4/../../../../lib64/crti.o /usr/lib/gcc/x86_64-pc-linux-gnu/4.8.4/crtbegin.o -L/usr/lib/gcc/x86_64-pc-linux-gnu/4.8.4 -L/usr/lib/gcc/x86_64-pc-linux-gnu/4.8.4/../../../../lib64 -L/lib/../lib64 -L/usr/lib/../lib64 -L/usr/lib/gcc/x86_64-pc-linux-gnu/4.8.4/../../../../x86_64-pc-linux-gnu/lib -L/usr/lib/gcc/x86_64-pc-linux-gnu/4.8.4/../../.. CMakeFiles/cmTryCompileExec4060536350.dir/CMakeCCompilerABI.c.o -lgcc --as-needed -lgcc_s --no-as-needed -lc -lgcc --as-needed -lgcc_s --no-as-needed /usr/lib/gcc/x86_64-pc-linux-gnu/4.8.4/crtend.o /usr/lib/gcc/x86_64-pc-linux-gnu/4.8.4/../../../../lib64/crtn.o]
    arg [/usr/libexec/gcc/x86_64-pc-linux-gnu/4.8.4/collect2] ==> ignore
    arg [--eh-frame-hdr] ==> ignore
    arg [-m] ==> ignore
    arg [elf_x86_64] ==> ignore
    arg [-export-dynamic] ==> ignore
    arg [-dynamic-linker] ==> ignore
    arg [/lib64/ld-linux-x86-64.so.2] ==> ignore
    arg [-o] ==> ignore
    arg [cmTryCompileExec4060536350] ==> ignore
    arg [/usr/lib/gcc/x86_64-pc-linux-gnu/4.8.4/../../../../lib64/crt1.o] ==> ignore
    arg [/usr/lib/gcc/x86_64-pc-linux-gnu/4.8.4/../../../../lib64/crti.o] ==> ignore
    arg [/usr/lib/gcc/x86_64-pc-linux-gnu/4.8.4/crtbegin.o] ==> ignore
    arg [-L/usr/lib/gcc/x86_64-pc-linux-gnu/4.8.4] ==> dir [/usr/lib/gcc/x86_64-pc-linux-gnu/4.8.4]
    arg [-L/usr/lib/gcc/x86_64-pc-linux-gnu/4.8.4/../../../../lib64] ==> dir [/usr/lib/gcc/x86_64-pc-linux-gnu/4.8.4/../../../../lib64]
    arg [-L/lib/../lib64] ==> dir [/lib/../lib64]
    arg [-L/usr/lib/../lib64] ==> dir [/usr/lib/../lib64]
    arg [-L/usr/lib/gcc/x86_64-pc-linux-gnu/4.8.4/../../../../x86_64-pc-linux-gnu/lib] ==> dir [/usr/lib/gcc/x86_64-pc-linux-gnu/4.8.4/../../../../x86_64-pc-linux-gnu/lib]
    arg [-L/usr/lib/gcc/x86_64-pc-linux-gnu/4.8.4/../../..] ==> dir [/usr/lib/gcc/x86_64-pc-linux-gnu/4.8.4/../../..]
    arg [CMakeFiles/cmTryCompileExec4060536350.dir/CMakeCCompilerABI.c.o] ==> ignore
    arg [-lgcc] ==> lib [gcc]
    arg [--as-needed] ==> ignore
    arg [-lgcc_s] ==> lib [gcc_s]
    arg [--no-as-needed] ==> ignore
    arg [-lc] ==> lib [c]
    arg [-lgcc] ==> lib [gcc]
    arg [--as-needed] ==> ignore
    arg [-lgcc_s] ==> lib [gcc_s]
    arg [--no-as-needed] ==> ignore
    arg [/usr/lib/gcc/x86_64-pc-linux-gnu/4.8.4/crtend.o] ==> ignore
    arg [/usr/lib/gcc/x86_64-pc-linux-gnu/4.8.4/../../../../lib64/crtn.o] ==> ignore
  remove lib [gcc]
  remove lib [gcc_s]
  remove lib [gcc]
  remove lib [gcc_s]
  collapse library dir [/usr/lib/gcc/x86_64-pc-linux-gnu/4.8.4] ==> [/usr/lib/gcc/x86_64-pc-linux-gnu/4.8.4]
  collapse library dir [/usr/lib/gcc/x86_64-pc-linux-gnu/4.8.4/../../../../lib64] ==> [/usr/lib64]
  collapse library dir [/lib/../lib64] ==> [/lib64]
  collapse library dir [/usr/lib/../lib64] ==> [/usr/lib64]
  collapse library dir [/usr/lib/gcc/x86_64-pc-linux-gnu/4.8.4/../../../../x86_64-pc-linux-gnu/lib] ==> [/usr/x86_64-pc-linux-gnu/lib]
  collapse library dir [/usr/lib/gcc/x86_64-pc-linux-gnu/4.8.4/../../..] ==> [/usr/lib]
  implicit libs: [c]
  implicit dirs: [/usr/lib/gcc/x86_64-pc-linux-gnu/4.8.4;/usr/lib64;/lib64;/usr/x86_64-pc-linux-gnu/lib;/usr/lib]
  implicit fwks: []




Detecting C [-std=c11] compiler features compiled with the following output:
Change Dir: /root/Desktop/scripts/gr-air-modes-master/build/CMakeFiles/CMakeTmp

Run Build Command:"/usr/bin/gmake" "cmTryCompileExec2336801894/fast"
/usr/bin/gmake -f CMakeFiles/cmTryCompileExec2336801894.dir/build.make CMakeFiles/cmTryCompileExec2336801894.dir/build
gmake[1]: Entering directory '/root/Desktop/scripts/gr-air-modes-master/build/CMakeFiles/CMakeTmp'
/usr/bin/cmake -E cmake_progress_report /root/Desktop/scripts/gr-air-modes-master/build/CMakeFiles/CMakeTmp/CMakeFiles 1
Building C object CMakeFiles/cmTryCompileExec2336801894.dir/feature_tests.c.o
/usr/bin/cc   -std=c11 -o CMakeFiles/cmTryCompileExec2336801894.dir/feature_tests.c.o   -c /root/Desktop/scripts/gr-air-modes-master/build/CMakeFiles/feature_tests.c
Linking C executable cmTryCompileExec2336801894
/usr/bin/cmake -E cmake_link_script CMakeFiles/cmTryCompileExec2336801894.dir/link.txt --verbose=1
/usr/bin/cc       CMakeFiles/cmTryCompileExec2336801894.dir/feature_tests.c.o  -o cmTryCompileExec2336801894 -rdynamic 
gmake[1]: Leaving directory '/root/Desktop/scripts/gr-air-modes-master/build/CMakeFiles/CMakeTmp'


    Feature record: C_FEATURE:1c_function_prototypes
    Feature record: C_FEATURE:1c_restrict
    Feature record: C_FEATURE:1c_static_assert
    Feature record: C_FEATURE:1c_variadic_macros


Detecting C [-std=c99] compiler features compiled with the following output:
Change Dir: /root/Desktop/scripts/gr-air-modes-master/build/CMakeFiles/CMakeTmp

Run Build Command:"/usr/bin/gmake" "cmTryCompileExec496902965/fast"
/usr/bin/gmake -f CMakeFiles/cmTryCompileExec496902965.dir/build.make CMakeFiles/cmTryCompileExec496902965.dir/build
gmake[1]: Entering directory '/root/Desktop/scripts/gr-air-modes-master/build/CMakeFiles/CMakeTmp'
/usr/bin/cmake -E cmake_progress_report /root/Desktop/scripts/gr-air-modes-master/build/CMakeFiles/CMakeTmp/CMakeFiles 1
Building C object CMakeFiles/cmTryCompileExec496902965.dir/feature_tests.c.o
/usr/bin/cc   -std=c99 -o CMakeFiles/cmTryCompileExec496902965.dir/feature_tests.c.o   -c /root/Desktop/scripts/gr-air-modes-master/build/CMakeFiles/feature_tests.c
Linking C executable cmTryCompileExec496902965
/usr/bin/cmake -E cmake_link_script CMakeFiles/cmTryCompileExec496902965.dir/link.txt --verbose=1
/usr/bin/cc       CMakeFiles/cmTryCompileExec496902965.dir/feature_tests.c.o  -o cmTryCompileExec496902965 -rdynamic 
gmake[1]: Leaving directory '/root/Desktop/scripts/gr-air-modes-master/build/CMakeFiles/CMakeTmp'


    Feature record: C_FEATURE:1c_function_prototypes
    Feature record: C_FEATURE:1c_restrict
    Feature record: C_FEATURE:0c_static_assert
    Feature record: C_FEATURE:1c_variadic_macros


Detecting C [-std=c90] compiler features compiled with the following output:
Change Dir: /root/Desktop/scripts/gr-air-modes-master/build/CMakeFiles/CMakeTmp

Run Build Command:"/usr/bin/gmake" "cmTryCompileExec3392008269/fast"
/usr/bin/gmake -f CMakeFiles/cmTryCompileExec3392008269.dir/build.make CMakeFiles/cmTryCompileExec3392008269.dir/build
gmake[1]: Entering directory '/root/Desktop/scripts/gr-air-modes-master/build/CMakeFiles/CMakeTmp'
/usr/bin/cmake -E cmake_progress_report /root/Desktop/scripts/gr-air-modes-master/build/CMakeFiles/CMakeTmp/CMakeFiles 1
Building C object CMakeFiles/cmTryCompileExec3392008269.dir/feature_tests.c.o
/usr/bin/cc   -std=c90 -o CMakeFiles/cmTryCompileExec3392008269.dir/feature_tests.c.o   -c /root/Desktop/scripts/gr-air-modes-master/build/CMakeFiles/feature_tests.c
Linking C executable cmTryCompileExec3392008269
/usr/bin/cmake -E cmake_link_script CMakeFiles/cmTryCompileExec3392008269.dir/link.txt --verbose=1
/usr/bin/cc       CMakeFiles/cmTryCompileExec3392008269.dir/feature_tests.c.o  -o cmTryCompileExec3392008269 -rdynamic 
gmake[1]: Leaving directory '/root/Desktop/scripts/gr-air-modes-master/build/CMakeFiles/CMakeTmp'


    Feature record: C_FEATURE:1c_function_prototypes
    Feature record: C_FEATURE:0c_restrict
    Feature record: C_FEATURE:0c_static_assert
    Feature record: C_FEATURE:0c_variadic_macros
Determining if the include file sys/types.h exists passed with the following output:
Change Dir: /root/Desktop/scripts/gr-air-modes-master/build/CMakeFiles/CMakeTmp

Run Build Command:"/usr/bin/gmake" "cmTryCompileExec1072597379/fast"
/usr/bin/gmake -f CMakeFiles/cmTryCompileExec1072597379.dir/build.make CMakeFiles/cmTryCompileExec1072597379.dir/build
gmake[1]: Entering directory '/root/Desktop/scripts/gr-air-modes-master/build/CMakeFiles/CMakeTmp'
/usr/bin/cmake -E cmake_progress_report /root/Desktop/scripts/gr-air-modes-master/build/CMakeFiles/CMakeTmp/CMakeFiles 1
Building C object CMakeFiles/cmTryCompileExec1072597379.dir/CheckIncludeFile.c.o
/usr/bin/cc    -o CMakeFiles/cmTryCompileExec1072597379.dir/CheckIncludeFile.c.o   -c /root/Desktop/scripts/gr-air-modes-master/build/CMakeFiles/CMakeTmp/CheckIncludeFile.c
Linking C executable cmTryCompileExec1072597379
/usr/bin/cmake -E cmake_link_script CMakeFiles/cmTryCompileExec1072597379.dir/link.txt --verbose=1
/usr/bin/cc       CMakeFiles/cmTryCompileExec1072597379.dir/CheckIncludeFile.c.o  -o cmTryCompileExec1072597379 -rdynamic 
gmake[1]: Leaving directory '/root/Desktop/scripts/gr-air-modes-master/build/CMakeFiles/CMakeTmp'


Determining if the include file stdint.h exists passed with the following output:
Change Dir: /root/Desktop/scripts/gr-air-modes-master/build/CMakeFiles/CMakeTmp

Run Build Command:"/usr/bin/gmake" "cmTryCompileExec2943477395/fast"
/usr/bin/gmake -f CMakeFiles/cmTryCompileExec2943477395.dir/build.make CMakeFiles/cmTryCompileExec2943477395.dir/build
gmake[1]: Entering directory '/root/Desktop/scripts/gr-air-modes-master/build/CMakeFiles/CMakeTmp'
/usr/bin/cmake -E cmake_progress_report /root/Desktop/scripts/gr-air-modes-master/build/CMakeFiles/CMakeTmp/CMakeFiles 1
Building C object CMakeFiles/cmTryCompileExec2943477395.dir/CheckIncludeFile.c.o
/usr/bin/cc    -o CMakeFiles/cmTryCompileExec2943477395.dir/CheckIncludeFile.c.o   -c /root/Desktop/scripts/gr-air-modes-master/build/CMakeFiles/CMakeTmp/CheckIncludeFile.c
Linking C executable cmTryCompileExec2943477395
/usr/bin/cmake -E cmake_link_script CMakeFiles/cmTryCompileExec2943477395.dir/link.txt --verbose=1
/usr/bin/cc       CMakeFiles/cmTryCompileExec2943477395.dir/CheckIncludeFile.c.o  -o cmTryCompileExec2943477395 -rdynamic 
gmake[1]: Leaving directory '/root/Desktop/scripts/gr-air-modes-master/build/CMakeFiles/CMakeTmp'


Determining if the include file stddef.h exists passed with the following output:
Change Dir: /root/Desktop/scripts/gr-air-modes-master/build/CMakeFiles/CMakeTmp

Run Build Command:"/usr/bin/gmake" "cmTryCompileExec843814143/fast"
/usr/bin/gmake -f CMakeFiles/cmTryCompileExec843814143.dir/build.make CMakeFiles/cmTryCompileExec843814143.dir/build
gmake[1]: Entering directory '/root/Desktop/scripts/gr-air-modes-master/build/CMakeFiles/CMakeTmp'
/usr/bin/cmake -E cmake_progress_report /root/Desktop/scripts/gr-air-modes-master/build/CMakeFiles/CMakeTmp/CMakeFiles 1
Building C object CMakeFiles/cmTryCompileExec843814143.dir/CheckIncludeFile.c.o
/usr/bin/cc    -o CMakeFiles/cmTryCompileExec843814143.dir/CheckIncludeFile.c.o   -c /root/Desktop/scripts/gr-air-modes-master/build/CMakeFiles/CMakeTmp/CheckIncludeFile.c
Linking C executable cmTryCompileExec843814143
/usr/bin/cmake -E cmake_link_script CMakeFiles/cmTryCompileExec843814143.dir/link.txt --verbose=1
/usr/bin/cc       CMakeFiles/cmTryCompileExec843814143.dir/CheckIncludeFile.c.o  -o cmTryCompileExec843814143 -rdynamic 
gmake[1]: Leaving directory '/root/Desktop/scripts/gr-air-modes-master/build/CMakeFiles/CMakeTmp'


Determining size of size_t passed with the following output:
Change Dir: /root/Desktop/scripts/gr-air-modes-master/build/CMakeFiles/CMakeTmp

Run Build Command:"/usr/bin/gmake" "cmTryCompileExec3809865266/fast"
/usr/bin/gmake -f CMakeFiles/cmTryCompileExec3809865266.dir/build.make CMakeFiles/cmTryCompileExec3809865266.dir/build
gmake[1]: Entering directory '/root/Desktop/scripts/gr-air-modes-master/build/CMakeFiles/CMakeTmp'
/usr/bin/cmake -E cmake_progress_report /root/Desktop/scripts/gr-air-modes-master/build/CMakeFiles/CMakeTmp/CMakeFiles 1
Building C object CMakeFiles/cmTryCompileExec3809865266.dir/SIZEOF_SIZE_T.c.o
/usr/bin/cc    -o CMakeFiles/cmTryCompileExec3809865266.dir/SIZEOF_SIZE_T.c.o   -c /root/Desktop/scripts/gr-air-modes-master/build/CMakeFiles/CheckTypeSize/SIZEOF_SIZE_T.c
Linking C executable cmTryCompileExec3809865266
/usr/bin/cmake -E cmake_link_script CMakeFiles/cmTryCompileExec3809865266.dir/link.txt --verbose=1
/usr/bin/cc       CMakeFiles/cmTryCompileExec3809865266.dir/SIZEOF_SIZE_T.c.o  -o cmTryCompileExec3809865266 -rdynamic 
gmake[1]: Leaving directory '/root/Desktop/scripts/gr-air-modes-master/build/CMakeFiles/CMakeTmp'


Determining size of unsigned int passed with the following output:
Change Dir: /root/Desktop/scripts/gr-air-modes-master/build/CMakeFiles/CMakeTmp

Run Build Command:"/usr/bin/gmake" "cmTryCompileExec3095539564/fast"
/usr/bin/gmake -f CMakeFiles/cmTryCompileExec3095539564.dir/build.make CMakeFiles/cmTryCompileExec3095539564.dir/build
gmake[1]: Entering directory '/root/Desktop/scripts/gr-air-modes-master/build/CMakeFiles/CMakeTmp'
/usr/bin/cmake -E cmake_progress_report /root/Desktop/scripts/gr-air-modes-master/build/CMakeFiles/CMakeTmp/CMakeFiles 1
Building C object CMakeFiles/cmTryCompileExec3095539564.dir/SIZEOF_UINT.c.o
/usr/bin/cc    -o CMakeFiles/cmTryCompileExec3095539564.dir/SIZEOF_UINT.c.o   -c /root/Desktop/scripts/gr-air-modes-master/build/CMakeFiles/CheckTypeSize/SIZEOF_UINT.c
Linking C executable cmTryCompileExec3095539564
/usr/bin/cmake -E cmake_link_script CMakeFiles/cmTryCompileExec3095539564.dir/link.txt --verbose=1
/usr/bin/cc       CMakeFiles/cmTryCompileExec3095539564.dir/SIZEOF_UINT.c.o  -o cmTryCompileExec3095539564 -rdynamic 
gmake[1]: Leaving directory '/root/Desktop/scripts/gr-air-modes-master/build/CMakeFiles/CMakeTmp'


Performing C++ SOURCE FILE Test HAVE_WNO_UNUSED_BUT_SET_VARIABLE succeded with the following output:
Change Dir: /root/Desktop/scripts/gr-air-modes-master/build/CMakeFiles/CMakeTmp

Run Build Command:"/usr/bin/gmake" "cmTryCompileExec421165520/fast"
/usr/bin/gmake -f CMakeFiles/cmTryCompileExec421165520.dir/build.make CMakeFiles/cmTryCompileExec421165520.dir/build
gmake[1]: Entering directory '/root/Desktop/scripts/gr-air-modes-master/build/CMakeFiles/CMakeTmp'
/usr/bin/cmake -E cmake_progress_report /root/Desktop/scripts/gr-air-modes-master/build/CMakeFiles/CMakeTmp/CMakeFiles 1
Building CXX object CMakeFiles/cmTryCompileExec421165520.dir/src.cxx.o
/usr/bin/c++    -DHAVE_WNO_UNUSED_BUT_SET_VARIABLE   -Wno-unused-but-set-variable -o CMakeFiles/cmTryCompileExec421165520.dir/src.cxx.o -c /root/Desktop/scripts/gr-air-modes-master/build/CMakeFiles/CMakeTmp/src.cxx
Linking CXX executable cmTryCompileExec421165520
/usr/bin/cmake -E cmake_link_script CMakeFiles/cmTryCompileExec421165520.dir/link.txt --verbose=1
/usr/bin/c++    -DHAVE_WNO_UNUSED_BUT_SET_VARIABLE    CMakeFiles/cmTryCompileExec421165520.dir/src.cxx.o  -o cmTryCompileExec421165520 -rdynamic 
gmake[1]: Leaving directory '/root/Desktop/scripts/gr-air-modes-master/build/CMakeFiles/CMakeTmp'

Source file was:
int main() { return 0; }
